This file contains any messages produced by compilers while
running configure, to aid debugging if configure makes a mistake.

It was created by configure, which was
generated by GNU Autoconf 2.67.  Invocation command line was

  $ ./configure 

## --------- ##
## Platform. ##
## --------- ##

hostname = ese-amcgmdjack
uname -m = x86_64
uname -r = 5.13.0-30-generic
uname -s = Linux
uname -v = #33~20.04.1-Ubuntu SMP Mon Feb 7 14:25:10 UTC 2022

/usr/bin/uname -p = x86_64
/bin/uname -X     = unknown

/bin/arch              = x86_64
/usr/bin/arch -k       = unknown
/usr/convex/getsysinfo = unknown
/usr/bin/hostinfo      = unknown
/bin/machine           = unknown
/usr/bin/oslevel       = unknown
/bin/universe          = unknown

PATH: /usr/local/sbin
PATH: /usr/local/bin
PATH: /usr/sbin
PATH: /usr/bin
PATH: /sbin
PATH: /bin
PATH: /snap/bin


## ----------- ##
## Core tests. ##
## ----------- ##

configure:2595: checking build system type
configure:2609: result: x86_64-unknown-linux-gnu
configure:2629: checking host system type
configure:2642: result: x86_64-unknown-linux-gnu
configure:2683: checking how to print strings
configure:2710: result: printf
configure:2779: checking for gcc
configure:2795: found /usr/bin/gcc
configure:2806: result: gcc
configure:3035: checking for C compiler version
configure:3044: gcc --version >&5
gcc (Ubuntu 9.3.0-17ubuntu1~20.04) 9.3.0
Copyright (C) 2019 Free Software Foundation, Inc.
This is free software; see the source for copying conditions.  There is NO
warranty; not even for MERCHANTABILITY or FITNESS FOR A PARTICULAR PURPOSE.

configure:3055: $? = 0
configure:3044: gcc -v >&5
Using built-in specs.
COLLECT_GCC=gcc
COLLECT_LTO_WRAPPER=/usr/lib/gcc/x86_64-linux-gnu/9/lto-wrapper
OFFLOAD_TARGET_NAMES=nvptx-none:hsa
OFFLOAD_TARGET_DEFAULT=1
Target: x86_64-linux-gnu
Configured with: ../src/configure -v --with-pkgversion='Ubuntu 9.3.0-17ubuntu1~20.04' --with-bugurl=file:///usr/share/doc/gcc-9/README.Bugs --enable-languages=c,ada,c++,go,brig,d,fortran,objc,obj-c++,gm2 --prefix=/usr --with-gcc-major-version-only --program-suffix=-9 --program-prefix=x86_64-linux-gnu- --enable-shared --enable-linker-build-id --libexecdir=/usr/lib --without-included-gettext --enable-threads=posix --libdir=/usr/lib --enable-nls --enable-clocale=gnu --enable-libstdcxx-debug --enable-libstdcxx-time=yes --with-default-libstdcxx-abi=new --enable-gnu-unique-object --disable-vtable-verify --enable-plugin --enable-default-pie --with-system-zlib --with-target-system-zlib=auto --enable-objc-gc=auto --enable-multiarch --disable-werror --with-arch-32=i686 --with-abi=m64 --with-multilib-list=m32,m64,mx32 --enable-multilib --with-tune=generic --enable-offload-targets=nvptx-none=/build/gcc-9-HskZEa/gcc-9-9.3.0/debian/tmp-nvptx/usr,hsa --without-cuda-driver --enable-checking=release --build=x86_64-linux-gnu --host=x86_64-linux-gnu --target=x86_64-linux-gnu
Thread model: posix
gcc version 9.3.0 (Ubuntu 9.3.0-17ubuntu1~20.04) 
configure:3055: $? = 0
configure:3044: gcc -V >&5
gcc: error: unrecognized command line option '-V'
gcc: fatal error: no input files
compilation terminated.
configure:3055: $? = 1
configure:3044: gcc -qversion >&5
gcc: error: unrecognized command line option '-qversion'; did you mean '--version'?
gcc: fatal error: no input files
compilation terminated.
configure:3055: $? = 1
configure:3075: checking whether the C compiler works
configure:3097: gcc    conftest.c  >&5
configure:3101: $? = 0
configure:3149: result: yes
configure:3152: checking for C compiler default output file name
configure:3154: result: a.out
configure:3160: checking for suffix of executables
configure:3167: gcc -o conftest    conftest.c  >&5
configure:3171: $? = 0
configure:3193: result: 
configure:3215: checking whether we are cross compiling
configure:3223: gcc -o conftest    conftest.c  >&5
configure:3227: $? = 0
configure:3234: ./conftest
configure:3238: $? = 0
configure:3226: result: no
configure:3231: checking for suffix of object files
configure:3253: gcc -c   conftest.c >&5
configure:3257: $? = 0
configure:3278: result: o
configure:3282: checking whether we are using the GNU C compiler
configure:3301: gcc -c   conftest.c >&5
configure:3301: $? = 0
configure:3310: result: yes
configure:3319: checking whether gcc accepts -g
configure:3339: gcc -c -g  conftest.c >&5
configure:3339: $? = 0
configure:3380: result: yes
configure:3397: checking for gcc option to accept ISO C89
configure:3461: gcc  -c -g -O2  conftest.c >&5
configure:3461: $? = 0
configure:3474: result: none needed
configure:3494: checking for a sed that does not truncate output
configure:3558: result: /usr/bin/sed
configure:3576: checking for grep that handles long lines and -e
configure:3634: result: /usr/bin/grep
configure:3639: checking for egrep
configure:3701: result: /usr/bin/grep -E
configure:3706: checking for fgrep
configure:3768: result: /usr/bin/grep -F
configure:3803: checking for ld used by gcc
configure:3870: result: /usr/bin/ld
configure:3877: checking if the linker (/usr/bin/ld) is GNU ld
configure:3892: result: yes
configure:3904: checking for BSD- or MS-compatible name lister (nm)
configure:3953: result: /usr/bin/nm -B
configure:4083: checking the name lister (/usr/bin/nm -B) interface
configure:4090: gcc -c -g -O2  conftest.c >&5
configure:4093: /usr/bin/nm -B "conftest.o"
configure:4096: output
0000000000000000 B some_variable
configure:4097: result: BSD nm
configure:4100: checking whether ln -s works
configure:4104: result: yes
configure:4112: checking the maximum length of command line arguments
configure:4237: result: 1572864
configure:4254: checking whether the shell understands some XSI constructs
configure:4263: result: yes
configure:4267: checking whether the shell understands "+="
configure:4271: result: yes
configure:4306: checking how to convert x86_64-unknown-linux-gnu file names to x86_64-unknown-linux-gnu format
configure:4346: result: func_convert_file_noop
configure:4353: checking how to convert x86_64-unknown-linux-gnu file names to toolchain format
configure:4373: result: func_convert_file_noop
configure:4380: checking for /usr/bin/ld option to reload object files
configure:4387: result: -r
configure:4461: checking for objdump
configure:4477: found /usr/bin/objdump
configure:4488: result: objdump
configure:4520: checking how to recognize dependent libraries
configure:4722: result: pass_all
configure:4807: checking for dlltool
configure:4837: result: no
configure:4867: checking how to associate runtime and link libraries
configure:4894: result: printf %s\n
configure:4955: checking for ar
configure:4971: found /usr/bin/ar
configure:4982: result: ar
configure:5019: checking for archiver @FILE support
configure:5036: gcc -c -g -O2  conftest.c >&5
configure:5036: $? = 0
configure:5039: ar cru libconftest.a @conftest.lst >&5
ar: `u' modifier ignored since `D' is the default (see `U')
configure:5042: $? = 0
configure:5047: ar cru libconftest.a @conftest.lst >&5
ar: `u' modifier ignored since `D' is the default (see `U')
ar: conftest.o: No such file or directory
configure:5050: $? = 1
configure:5049: result: @
configure:5107: checking for strip
configure:5123: found /usr/bin/strip
configure:5134: result: strip
configure:5206: checking for ranlib
configure:5222: found /usr/bin/ranlib
configure:5233: result: ranlib
configure:5310: checking for gawk
configure:5326: found /usr/bin/gawk
configure:5337: result: gawk
configure:5377: checking command to parse /usr/bin/nm -B output from gcc object
configure:5496: gcc -c -g -O2  conftest.c >&5
configure:5499: $? = 0
configure:5503: /usr/bin/nm -B conftest.o \| sed -n -e 's/^.*[ ]\([ABCDGIRSTW][ABCDGIRSTW]*\)[ ][ ]*\([_A-Za-z][_A-Za-z0-9]*\)$/\1 \2 \2/p' | sed '/ __gnu_lto/d' \> conftest.nm
configure:5506: $? = 0
configure:5572: gcc -o conftest -g -O2   conftest.c conftstm.o >&5
configure:5575: $? = 0
configure:5613: result: ok
configure:5650: checking for sysroot
configure:5680: result: no
configure:5757: gcc -c -g -O2  conftest.c >&5
configure:5760: $? = 0
configure:5923: checking for mt
configure:5939: found /usr/bin/mt
configure:5950: result: mt
configure:5973: checking if mt is a manifest tool
configure:5979: mt '-?'
configure:5987: result: no
configure:6619: checking how to run the C preprocessor
configure:6650: gcc -E  conftest.c
configure:6650: $? = 0
configure:6664: gcc -E  conftest.c
conftest.c:9:10: fatal error: ac_nonexistent.h: No such file or directory
    9 | #include <ac_nonexistent.h>
      |          ^~~~~~~~~~~~~~~~~~
compilation terminated.
configure:6664: $? = 1
configure: failed program was:
| /* confdefs.h */
| #define PACKAGE_NAME ""
| #define PACKAGE_TARNAME ""
| #define PACKAGE_VERSION ""
| #define PACKAGE_STRING ""
| #define PACKAGE_BUGREPORT ""
| #define PACKAGE_URL ""
| /* end confdefs.h.  */
| #include <ac_nonexistent.h>
configure:6689: result: gcc -E
configure:6709: gcc -E  conftest.c
configure:6709: $? = 0
configure:6723: gcc -E  conftest.c
conftest.c:9:10: fatal error: ac_nonexistent.h: No such file or directory
    9 | #include <ac_nonexistent.h>
      |          ^~~~~~~~~~~~~~~~~~
compilation terminated.
configure:6723: $? = 1
configure: failed program was:
| /* confdefs.h */
| #define PACKAGE_NAME ""
| #define PACKAGE_TARNAME ""
| #define PACKAGE_VERSION ""
| #define PACKAGE_STRING ""
| #define PACKAGE_BUGREPORT ""
| #define PACKAGE_URL ""
| /* end confdefs.h.  */
| #include <ac_nonexistent.h>
configure:6752: checking for ANSI C header files
configure:6772: gcc -c -g -O2  conftest.c >&5
configure:6772: $? = 0
configure:6845: gcc -o conftest -g -O2   conftest.c  >&5
configure:6845: $? = 0
configure:6845: ./conftest
configure:6845: $? = 0
configure:6856: result: yes
configure:6869: checking for sys/types.h
configure:6869: gcc -c -g -O2  conftest.c >&5
configure:6869: $? = 0
configure:6869: result: yes
configure:6869: checking for sys/stat.h
configure:6869: gcc -c -g -O2  conftest.c >&5
configure:6869: $? = 0
configure:6869: result: yes
configure:6869: checking for stdlib.h
configure:6869: gcc -c -g -O2  conftest.c >&5
configure:6869: $? = 0
configure:6869: result: yes
configure:6869: checking for string.h
configure:6869: gcc -c -g -O2  conftest.c >&5
configure:6869: $? = 0
configure:6869: result: yes
configure:6869: checking for memory.h
configure:6869: gcc -c -g -O2  conftest.c >&5
configure:6869: $? = 0
configure:6869: result: yes
configure:6869: checking for strings.h
configure:6869: gcc -c -g -O2  conftest.c >&5
configure:6869: $? = 0
configure:6869: result: yes
configure:6869: checking for inttypes.h
configure:6869: gcc -c -g -O2  conftest.c >&5
configure:6869: $? = 0
configure:6869: result: yes
configure:6869: checking for stdint.h
configure:6869: gcc -c -g -O2  conftest.c >&5
configure:6869: $? = 0
configure:6869: result: yes
configure:6869: checking for unistd.h
configure:6869: gcc -c -g -O2  conftest.c >&5
configure:6869: $? = 0
configure:6869: result: yes
configure:6883: checking for dlfcn.h
configure:6883: gcc -c -g -O2  conftest.c >&5
configure:6883: $? = 0
configure:6883: result: yes
configure:7070: checking for objdir
configure:7085: result: .libs
configure:7352: checking if gcc supports -fno-rtti -fno-exceptions
configure:7370: gcc -c -g -O2  -fno-rtti -fno-exceptions conftest.c >&5
cc1: warning: command line option '-fno-rtti' is valid for C++/D/ObjC++ but not for C
configure:7374: $? = 0
configure:7387: result: no
configure:7697: checking for gcc option to produce PIC
configure:7704: result: -fPIC -DPIC
configure:7712: checking if gcc PIC flag -fPIC -DPIC works
configure:7730: gcc -c -g -O2  -fPIC -DPIC -DPIC conftest.c >&5
configure:7734: $? = 0
configure:7747: result: yes
configure:7776: checking if gcc static flag -static works
configure:7804: result: yes
configure:7819: checking if gcc supports -c -o file.o
configure:7840: gcc -c -g -O2  -o out/conftest2.o conftest.c >&5
configure:7844: $? = 0
configure:7866: result: yes
configure:7874: checking if gcc supports -c -o file.o
configure:7921: result: yes
configure:7954: checking whether the gcc linker (/usr/bin/ld -m elf_x86_64) supports shared libraries
configure:9112: result: yes
configure:9149: checking whether -lc should be explicitly linked in
configure:9157: gcc -c -g -O2  conftest.c >&5
configure:9160: $? = 0
configure:9175: gcc -shared  -fPIC -DPIC conftest.o  -v -Wl,-soname -Wl,conftest -o conftest 2\>\&1 \| /usr/bin/grep  -lc  \>/dev/null 2\>\&1
configure:9178: $? = 0
configure:9192: result: no
configure:9357: checking dynamic linker characteristics
configure:9871: gcc -o conftest -g -O2   -Wl,-rpath -Wl,/foo conftest.c  >&5
configure:9871: $? = 0
configure:10097: result: GNU/Linux ld.so
configure:10204: checking how to hardcode library paths into programs
configure:10229: result: immediate
configure:10769: checking whether stripping libraries is possible
configure:10774: result: yes
configure:10809: checking if libtool supports shared libraries
configure:10811: result: yes
configure:10814: checking whether to build shared libraries
configure:10835: result: yes
configure:10838: checking whether to build static libraries
configure:10842: result: yes
configure:7928: checking for g++
configure:7944: found /usr/bin/g++
configure:7955: result: g++
configure:7982: checking for C++ compiler version
configure:7991: g++ --version >&5
g++ (Ubuntu 9.3.0-17ubuntu1~20.04) 9.3.0
Copyright (C) 2019 Free Software Foundation, Inc.
This is free software; see the source for copying conditions.  There is NO
warranty; not even for MERCHANTABILITY or FITNESS FOR A PARTICULAR PURPOSE.

configure:8002: $? = 0
configure:7991: g++ -v >&5
Using built-in specs.
COLLECT_GCC=g++
COLLECT_LTO_WRAPPER=/usr/lib/gcc/x86_64-linux-gnu/9/lto-wrapper
OFFLOAD_TARGET_NAMES=nvptx-none:hsa
OFFLOAD_TARGET_DEFAULT=1
Target: x86_64-linux-gnu
Configured with: ../src/configure -v --with-pkgversion='Ubuntu 9.3.0-17ubuntu1~20.04' --with-bugurl=file:///usr/share/doc/gcc-9/README.Bugs --enable-languages=c,ada,c++,go,brig,d,fortran,objc,obj-c++,gm2 --prefix=/usr --with-gcc-major-version-only --program-suffix=-9 --program-prefix=x86_64-linux-gnu- --enable-shared --enable-linker-build-id --libexecdir=/usr/lib --without-included-gettext --enable-threads=posix --libdir=/usr/lib --enable-nls --enable-clocale=gnu --enable-libstdcxx-debug --enable-libstdcxx-time=yes --with-default-libstdcxx-abi=new --enable-gnu-unique-object --disable-vtable-verify --enable-plugin --enable-default-pie --with-system-zlib --with-target-system-zlib=auto --enable-objc-gc=auto --enable-multiarch --disable-werror --with-arch-32=i686 --with-abi=m64 --with-multilib-list=m32,m64,mx32 --enable-multilib --with-tune=generic --enable-offload-targets=nvptx-none=/build/gcc-9-HskZEa/gcc-9-9.3.0/debian/tmp-nvptx/usr,hsa --without-cuda-driver --enable-checking=release --build=x86_64-linux-gnu --host=x86_64-linux-gnu --target=x86_64-linux-gnu
Thread model: posix
gcc version 9.3.0 (Ubuntu 9.3.0-17ubuntu1~20.04) 
configure:8002: $? = 0
configure:7991: g++ -V >&5
g++: error: unrecognized command line option '-V'
g++: fatal error: no input files
compilation terminated.
configure:8002: $? = 1
configure:7991: g++ -qversion >&5
g++: error: unrecognized command line option '-qversion'; did you mean '--version'?
g++: fatal error: no input files
compilation terminated.
configure:8002: $? = 1
configure:8006: checking whether we are using the GNU C++ compiler
configure:8025: g++ -c   conftest.cpp >&5
configure:8025: $? = 0
configure:8034: result: yes
configure:8043: checking whether g++ accepts -g
configure:8063: g++ -c -g  conftest.cpp >&5
configure:8063: $? = 0
configure:8104: result: yes
configure:8146: checking how to run the C++ preprocessor
configure:8173: g++ -E  conftest.cpp
configure:8173: $? = 0
configure:8187: g++ -E  conftest.cpp
conftest.cpp:21:10: fatal error: ac_nonexistent.h: No such file or directory
   21 | #include <ac_nonexistent.h>
      |          ^~~~~~~~~~~~~~~~~~
compilation terminated.
configure:8187: $? = 1
configure: failed program was:
| /* confdefs.h */
| #define PACKAGE_NAME ""
| #define PACKAGE_TARNAME ""
| #define PACKAGE_VERSION ""
| #define PACKAGE_STRING ""
| #define PACKAGE_BUGREPORT ""
| #define PACKAGE_URL ""
| #define STDC_HEADERS 1
| #define HAVE_SYS_TYPES_H 1
| #define HAVE_SYS_STAT_H 1
| #define HAVE_STDLIB_H 1
| #define HAVE_STRING_H 1
| #define HAVE_MEMORY_H 1
| #define HAVE_STRINGS_H 1
| #define HAVE_INTTYPES_H 1
| #define HAVE_STDINT_H 1
| #define HAVE_UNISTD_H 1
| #define HAVE_DLFCN_H 1
| #define LT_OBJDIR ".libs/"
| /* end confdefs.h.  */
| #include <ac_nonexistent.h>
configure:8212: result: g++ -E
configure:8232: g++ -E  conftest.cpp
configure:8232: $? = 0
configure:8246: g++ -E  conftest.cpp
conftest.cpp:21:10: fatal error: ac_nonexistent.h: No such file or directory
   21 | #include <ac_nonexistent.h>
      |          ^~~~~~~~~~~~~~~~~~
compilation terminated.
configure:8246: $? = 1
configure: failed program was:
| /* confdefs.h */
| #define PACKAGE_NAME ""
| #define PACKAGE_TARNAME ""
| #define PACKAGE_VERSION ""
| #define PACKAGE_STRING ""
| #define PACKAGE_BUGREPORT ""
| #define PACKAGE_URL ""
| #define STDC_HEADERS 1
| #define HAVE_SYS_TYPES_H 1
| #define HAVE_SYS_STAT_H 1
| #define HAVE_STDLIB_H 1
| #define HAVE_STRING_H 1
| #define HAVE_MEMORY_H 1
| #define HAVE_STRINGS_H 1
| #define HAVE_INTTYPES_H 1
| #define HAVE_STDINT_H 1
| #define HAVE_UNISTD_H 1
| #define HAVE_DLFCN_H 1
| #define LT_OBJDIR ".libs/"
| /* end confdefs.h.  */
| #include <ac_nonexistent.h>
configure:8416: checking for ld used by g++
configure:8483: result: /usr/bin/ld -m elf_x86_64
configure:8490: checking if the linker (/usr/bin/ld -m elf_x86_64) is GNU ld
configure:8505: result: yes
configure:8560: checking whether the g++ linker (/usr/bin/ld -m elf_x86_64) supports shared libraries
configure:9564: result: yes
configure:9599: g++ -c -g -O2  conftest.cpp >&5
configure:9602: $? = 0
configure:10122: checking for g++ option to produce PIC
configure:10129: result: -fPIC -DPIC
configure:10137: checking if g++ PIC flag -fPIC -DPIC works
configure:10155: g++ -c -g -O2  -fPIC -DPIC -DPIC conftest.cpp >&5
configure:10159: $? = 0
configure:10172: result: yes
configure:10195: checking if g++ static flag -static works
configure:10223: result: yes
configure:10235: checking if g++ supports -c -o file.o
configure:10256: g++ -c -g -O2  -o out/conftest2.o conftest.cpp >&5
configure:10260: $? = 0
configure:10282: result: yes
configure:10287: checking if g++ supports -c -o file.o
configure:10334: result: yes
configure:10364: checking whether the g++ linker (/usr/bin/ld -m elf_x86_64) supports shared libraries
configure:10398: result: yes
configure:10541: checking dynamic linker characteristics
configure:11215: result: GNU/Linux ld.so
configure:11268: checking how to hardcode library paths into programs
configure:11293: result: immediate
configure:10319: checking for gfortran
configure:10335: found /usr/bin/gfortran
configure:10346: result: gfortran
configure:10372: checking for Fortran compiler version
configure:10381: gfortran --version >&5
GNU Fortran (Ubuntu 9.3.0-17ubuntu1~20.04) 9.3.0
Copyright (C) 2019 Free Software Foundation, Inc.
This is free software; see the source for copying conditions.  There is NO
warranty; not even for MERCHANTABILITY or FITNESS FOR A PARTICULAR PURPOSE.

configure:10392: $? = 0
configure:10381: gfortran -v >&5
Using built-in specs.
COLLECT_GCC=gfortran
COLLECT_LTO_WRAPPER=/usr/lib/gcc/x86_64-linux-gnu/9/lto-wrapper
OFFLOAD_TARGET_NAMES=nvptx-none:hsa
OFFLOAD_TARGET_DEFAULT=1
Target: x86_64-linux-gnu
Configured with: ../src/configure -v --with-pkgversion='Ubuntu 9.3.0-17ubuntu1~20.04' --with-bugurl=file:///usr/share/doc/gcc-9/README.Bugs --enable-languages=c,ada,c++,go,brig,d,fortran,objc,obj-c++,gm2 --prefix=/usr --with-gcc-major-version-only --program-suffix=-9 --program-prefix=x86_64-linux-gnu- --enable-shared --enable-linker-build-id --libexecdir=/usr/lib --without-included-gettext --enable-threads=posix --libdir=/usr/lib --enable-nls --enable-clocale=gnu --enable-libstdcxx-debug --enable-libstdcxx-time=yes --with-default-libstdcxx-abi=new --enable-gnu-unique-object --disable-vtable-verify --enable-plugin --enable-default-pie --with-system-zlib --with-target-system-zlib=auto --enable-objc-gc=auto --enable-multiarch --disable-werror --with-arch-32=i686 --with-abi=m64 --with-multilib-list=m32,m64,mx32 --enable-multilib --with-tune=generic --enable-offload-targets=nvptx-none=/build/gcc-9-HskZEa/gcc-9-9.3.0/debian/tmp-nvptx/usr,hsa --without-cuda-driver --enable-checking=release --build=x86_64-linux-gnu --host=x86_64-linux-gnu --target=x86_64-linux-gnu
Thread model: posix
gcc version 9.3.0 (Ubuntu 9.3.0-17ubuntu1~20.04) 
configure:10392: $? = 0
configure:10381: gfortran -V >&5
gfortran: error: unrecognized command line option '-V'
gfortran: fatal error: no input files
compilation terminated.
configure:10392: $? = 1
configure:10381: gfortran -qversion >&5
gfortran: error: unrecognized command line option '-qversion'; did you mean '--version'?
gfortran: fatal error: no input files
compilation terminated.
configure:10392: $? = 1
configure:10401: checking whether we are using the GNU Fortran compiler
configure:10414: gfortran -c   conftest.F >&5
configure:10414: $? = 0
configure:10423: result: yes
configure:10429: checking whether gfortran accepts -g
configure:10440: gfortran -c -g  conftest.f >&5
configure:10440: $? = 0
configure:10448: result: yes
configure:10583: checking if libtool supports shared libraries
configure:10585: result: yes
configure:10588: checking whether to build shared libraries
configure:10608: result: yes
configure:10611: checking whether to build static libraries
configure:10615: result: yes
configure:10648: gfortran -c -g -O2  conftest.f >&5
configure:10651: $? = 0
configure:11063: checking for gfortran option to produce PIC
configure:11070: result: -fPIC
configure:11078: checking if gfortran PIC flag -fPIC works
configure:11096: gfortran -c -g -O2 -fPIC  conftest.f >&5
configure:11100: $? = 0
configure:11113: result: yes
configure:11136: checking if gfortran static flag -static works
configure:11164: result: yes
configure:11176: checking if gfortran supports -c -o file.o
configure:11197: gfortran -c -g -O2 -o out/conftest2.o  conftest.f >&5
configure:11201: $? = 0
configure:11223: result: yes
configure:11228: checking if gfortran supports -c -o file.o
configure:11275: result: yes
configure:11305: checking whether the gfortran linker (/usr/bin/ld -m elf_x86_64) supports shared libraries
configure:12413: result: yes
configure:12556: checking dynamic linker characteristics
configure:13224: result: GNU/Linux ld.so
configure:13277: checking how to hardcode library paths into programs
configure:13302: result: immediate
configure:11224: *** Fishing for legacy fortran compiler.
configure:11279: checking for ifort
configure:11309: result: no
configure:11279: checking for ifc
configure:11309: result: no
configure:11279: checking for efc
configure:11309: result: no
configure:11279: checking for sunf95
configure:11309: result: no
configure:11279: checking for gfortran
configure:11295: found /usr/bin/gfortran
configure:11306: result: gfortran
configure:11332: checking for Fortran 77 compiler version
configure:11341: gfortran --version >&5
GNU Fortran (Ubuntu 9.3.0-17ubuntu1~20.04) 9.3.0
Copyright (C) 2019 Free Software Foundation, Inc.
This is free software; see the source for copying conditions.  There is NO
warranty; not even for MERCHANTABILITY or FITNESS FOR A PARTICULAR PURPOSE.

configure:11352: $? = 0
configure:11341: gfortran -v >&5
Using built-in specs.
COLLECT_GCC=gfortran
COLLECT_LTO_WRAPPER=/usr/lib/gcc/x86_64-linux-gnu/9/lto-wrapper
OFFLOAD_TARGET_NAMES=nvptx-none:hsa
OFFLOAD_TARGET_DEFAULT=1
Target: x86_64-linux-gnu
Configured with: ../src/configure -v --with-pkgversion='Ubuntu 9.3.0-17ubuntu1~20.04' --with-bugurl=file:///usr/share/doc/gcc-9/README.Bugs --enable-languages=c,ada,c++,go,brig,d,fortran,objc,obj-c++,gm2 --prefix=/usr --with-gcc-major-version-only --program-suffix=-9 --program-prefix=x86_64-linux-gnu- --enable-shared --enable-linker-build-id --libexecdir=/usr/lib --without-included-gettext --enable-threads=posix --libdir=/usr/lib --enable-nls --enable-clocale=gnu --enable-libstdcxx-debug --enable-libstdcxx-time=yes --with-default-libstdcxx-abi=new --enable-gnu-unique-object --disable-vtable-verify --enable-plugin --enable-default-pie --with-system-zlib --with-target-system-zlib=auto --enable-objc-gc=auto --enable-multiarch --disable-werror --with-arch-32=i686 --with-abi=m64 --with-multilib-list=m32,m64,mx32 --enable-multilib --with-tune=generic --enable-offload-targets=nvptx-none=/build/gcc-9-HskZEa/gcc-9-9.3.0/debian/tmp-nvptx/usr,hsa --without-cuda-driver --enable-checking=release --build=x86_64-linux-gnu --host=x86_64-linux-gnu --target=x86_64-linux-gnu
Thread model: posix
gcc version 9.3.0 (Ubuntu 9.3.0-17ubuntu1~20.04) 
configure:11352: $? = 0
configure:11341: gfortran -V >&5
gfortran: error: unrecognized command line option '-V'
gfortran: fatal error: no input files
compilation terminated.
configure:11352: $? = 1
configure:11341: gfortran -qversion >&5
gfortran: error: unrecognized command line option '-qversion'; did you mean '--version'?
gfortran: fatal error: no input files
compilation terminated.
configure:11352: $? = 1
configure:11361: checking whether we are using the GNU Fortran 77 compiler
configure:11374: gfortran -c  conftest.F >&5
configure:11374: $? = 0
configure:11383: result: yes
configure:11389: checking whether gfortran accepts -g
configure:11400: gfortran -c -g conftest.f >&5
configure:11400: $? = 0
configure:11408: result: yes
configure:11545: checking if libtool supports shared libraries
configure:11547: result: yes
configure:11550: checking whether to build shared libraries
configure:11570: result: yes
configure:11573: checking whether to build static libraries
configure:11577: result: yes
configure:11881: checking for gfortran option to produce PIC
configure:11888: result: -fPIC
configure:11896: checking if gfortran PIC flag -fPIC works
configure:11914: gfortran -c -g -O2 -fPIC conftest.f >&5
configure:11918: $? = 0
configure:11931: result: yes
configure:11954: checking if gfortran static flag -static works
configure:11982: result: yes
configure:11994: checking if gfortran supports -c -o file.o
configure:12015: gfortran -c -g -O2 -o out/conftest2.o conftest.f >&5
configure:12019: $? = 0
configure:12041: result: yes
configure:12046: checking if gfortran supports -c -o file.o
configure:12093: result: yes
configure:12123: checking whether the gfortran linker (/usr/bin/ld -m elf_x86_64) supports shared libraries
configure:13231: result: yes
configure:13374: checking dynamic linker characteristics
configure:14042: result: GNU/Linux ld.so
configure:14095: checking how to hardcode library paths into programs
configure:14120: result: immediate
configure:12029: checking how to get verbose linking output from gfortran
configure:12039: gfortran -c -g -O2 conftest.f >&5
configure:12039: $? = 0
configure:12057: gfortran -o conftest -g -O2 -v conftest.f
Using built-in specs.
Target: x86_64-linux-gnu
Configured with: ../src/configure -v --with-pkgversion='Ubuntu 9.3.0-17ubuntu1~20.04' --with-bugurl=file:///usr/share/doc/gcc-9/README.Bugs --enable-languages=c,ada,c++,go,brig,d,fortran,objc,obj-c++,gm2 --prefix=/usr --with-gcc-major-version-only --program-suffix=-9 --program-prefix=x86_64-linux-gnu- --enable-shared --enable-linker-build-id --libexecdir=/usr/lib --without-included-gettext --enable-threads=posix --libdir=/usr/lib --enable-nls --enable-clocale=gnu --enable-libstdcxx-debug --enable-libstdcxx-time=yes --with-default-libstdcxx-abi=new --enable-gnu-unique-object --disable-vtable-verify --enable-plugin --enable-default-pie --with-system-zlib --with-target-system-zlib=auto --enable-objc-gc=auto --enable-multiarch --disable-werror --with-arch-32=i686 --with-abi=m64 --with-multilib-list=m32,m64,mx32 --enable-multilib --with-tune=generic --enable-offload-targets=nvptx-none=/build/gcc-9-HskZEa/gcc-9-9.3.0/debian/tmp-nvptx/usr,hsa --without-cuda-driver --enable-checking=release --build=x86_64-linux-gnu --host=x86_64-linux-gnu --target=x86_64-linux-gnu
Thread model: posix
gcc version 9.3.0 (Ubuntu 9.3.0-17ubuntu1~20.04) 
 /usr/lib/gcc/x86_64-linux-gnu/9/f951 conftest.f -ffixed-form -quiet -dumpbase conftest.f -mtune=generic -march=x86-64 -auxbase conftest -g -O2 -version -fintrinsic-modules-path /usr/lib/gcc/x86_64-linux-gnu/9/finclude -fpre-include=/usr/include/finclude/math-vector-fortran.h -o /tmp/ccIBnsPm.s
GNU Fortran (Ubuntu 9.3.0-17ubuntu1~20.04) version 9.3.0 (x86_64-linux-gnu)
	compiled by GNU C version 9.3.0, GMP version 6.2.0, MPFR version 4.0.2, MPC version 1.1.0, isl version isl-0.22.1-GMP

GGC heuristics: --param ggc-min-expand=100 --param ggc-min-heapsize=131072
GNU Fortran2008 (Ubuntu 9.3.0-17ubuntu1~20.04) version 9.3.0 (x86_64-linux-gnu)
	compiled by GNU C version 9.3.0, GMP version 6.2.0, MPFR version 4.0.2, MPC version 1.1.0, isl version isl-0.22.1-GMP

GGC heuristics: --param ggc-min-expand=100 --param ggc-min-heapsize=131072
 as -v --64 -o /tmp/ccVffVjm.o /tmp/ccIBnsPm.s
GNU assembler version 2.34 (x86_64-linux-gnu) using BFD version (GNU Binutils for Ubuntu) 2.34
Reading specs from /usr/lib/gcc/x86_64-linux-gnu/9/libgfortran.spec
rename spec lib to liborig
 /usr/lib/gcc/x86_64-linux-gnu/9/collect2 -plugin /usr/lib/gcc/x86_64-linux-gnu/9/liblto_plugin.so -plugin-opt=/usr/lib/gcc/x86_64-linux-gnu/9/lto-wrapper -plugin-opt=-fresolution=/tmp/ccRwY3An.res -plugin-opt=-pass-through=-lgcc_s -plugin-opt=-pass-through=-lgcc -plugin-opt=-pass-through=-lquadmath -plugin-opt=-pass-through=-lm -plugin-opt=-pass-through=-lgcc_s -plugin-opt=-pass-through=-lgcc -plugin-opt=-pass-through=-lc -plugin-opt=-pass-through=-lgcc_s -plugin-opt=-pass-through=-lgcc --build-id --eh-frame-hdr -m elf_x86_64 --hash-style=gnu --as-needed -dynamic-linker /lib64/ld-linux-x86-64.so.2 -pie -z now -z relro -o conftest /usr/lib/gcc/x86_64-linux-gnu/9/../../../x86_64-linux-gnu/Scrt1.o /usr/lib/gcc/x86_64-linux-gnu/9/../../../x86_64-linux-gnu/crti.o /usr/lib/gcc/x86_64-linux-gnu/9/crtbeginS.o -L/usr/lib/gcc/x86_64-linux-gnu/9 -L/usr/lib/gcc/x86_64-linux-gnu/9/../../../x86_64-linux-gnu -L/usr/lib/gcc/x86_64-linux-gnu/9/../../../../lib -L/lib/x86_64-linux-gnu -L/lib/../lib -L/usr/lib/x86_64-linux-gnu -L/usr/lib/../lib -L/usr/lib/gcc/x86_64-linux-gnu/9/../../.. /tmp/ccVffVjm.o -lgfortran -lm -lgcc_s -lgcc -lquadmath -lm -lgcc_s -lgcc -lc -lgcc_s -lgcc /usr/lib/gcc/x86_64-linux-gnu/9/crtendS.o /usr/lib/gcc/x86_64-linux-gnu/9/../../../x86_64-linux-gnu/crtn.o
configure:12122: result: -v
configure:12124: checking for Fortran 77 libraries of gfortran
configure:12147: gfortran -o conftest -g -O2 -v conftest.f
Using built-in specs.
Target: x86_64-linux-gnu
Configured with: ../src/configure -v --with-pkgversion='Ubuntu 9.3.0-17ubuntu1~20.04' --with-bugurl=file:///usr/share/doc/gcc-9/README.Bugs --enable-languages=c,ada,c++,go,brig,d,fortran,objc,obj-c++,gm2 --prefix=/usr --with-gcc-major-version-only --program-suffix=-9 --program-prefix=x86_64-linux-gnu- --enable-shared --enable-linker-build-id --libexecdir=/usr/lib --without-included-gettext --enable-threads=posix --libdir=/usr/lib --enable-nls --enable-clocale=gnu --enable-libstdcxx-debug --enable-libstdcxx-time=yes --with-default-libstdcxx-abi=new --enable-gnu-unique-object --disable-vtable-verify --enable-plugin --enable-default-pie --with-system-zlib --with-target-system-zlib=auto --enable-objc-gc=auto --enable-multiarch --disable-werror --with-arch-32=i686 --with-abi=m64 --with-multilib-list=m32,m64,mx32 --enable-multilib --with-tune=generic --enable-offload-targets=nvptx-none=/build/gcc-9-HskZEa/gcc-9-9.3.0/debian/tmp-nvptx/usr,hsa --without-cuda-driver --enable-checking=release --build=x86_64-linux-gnu --host=x86_64-linux-gnu --target=x86_64-linux-gnu
Thread model: posix
gcc version 9.3.0 (Ubuntu 9.3.0-17ubuntu1~20.04) 
 /usr/lib/gcc/x86_64-linux-gnu/9/f951 conftest.f -ffixed-form -quiet -dumpbase conftest.f -mtune=generic -march=x86-64 -auxbase conftest -g -O2 -version -fintrinsic-modules-path /usr/lib/gcc/x86_64-linux-gnu/9/finclude -fpre-include=/usr/include/finclude/math-vector-fortran.h -o /tmp/ccLjRM6C.s
GNU Fortran (Ubuntu 9.3.0-17ubuntu1~20.04) version 9.3.0 (x86_64-linux-gnu)
	compiled by GNU C version 9.3.0, GMP version 6.2.0, MPFR version 4.0.2, MPC version 1.1.0, isl version isl-0.22.1-GMP

GGC heuristics: --param ggc-min-expand=100 --param ggc-min-heapsize=131072
GNU Fortran2008 (Ubuntu 9.3.0-17ubuntu1~20.04) version 9.3.0 (x86_64-linux-gnu)
	compiled by GNU C version 9.3.0, GMP version 6.2.0, MPFR version 4.0.2, MPC version 1.1.0, isl version isl-0.22.1-GMP

GGC heuristics: --param ggc-min-expand=100 --param ggc-min-heapsize=131072
 as -v --64 -o /tmp/ccMQl6zB.o /tmp/ccLjRM6C.s
GNU assembler version 2.34 (x86_64-linux-gnu) using BFD version (GNU Binutils for Ubuntu) 2.34
Reading specs from /usr/lib/gcc/x86_64-linux-gnu/9/libgfortran.spec
rename spec lib to liborig
 /usr/lib/gcc/x86_64-linux-gnu/9/collect2 -plugin /usr/lib/gcc/x86_64-linux-gnu/9/liblto_plugin.so -plugin-opt=/usr/lib/gcc/x86_64-linux-gnu/9/lto-wrapper -plugin-opt=-fresolution=/tmp/ccMEQw6z.res -plugin-opt=-pass-through=-lgcc_s -plugin-opt=-pass-through=-lgcc -plugin-opt=-pass-through=-lquadmath -plugin-opt=-pass-through=-lm -plugin-opt=-pass-through=-lgcc_s -plugin-opt=-pass-through=-lgcc -plugin-opt=-pass-through=-lc -plugin-opt=-pass-through=-lgcc_s -plugin-opt=-pass-through=-lgcc --build-id --eh-frame-hdr -m elf_x86_64 --hash-style=gnu --as-needed -dynamic-linker /lib64/ld-linux-x86-64.so.2 -pie -z now -z relro -o conftest /usr/lib/gcc/x86_64-linux-gnu/9/../../../x86_64-linux-gnu/Scrt1.o /usr/lib/gcc/x86_64-linux-gnu/9/../../../x86_64-linux-gnu/crti.o /usr/lib/gcc/x86_64-linux-gnu/9/crtbeginS.o -L/usr/lib/gcc/x86_64-linux-gnu/9 -L/usr/lib/gcc/x86_64-linux-gnu/9/../../../x86_64-linux-gnu -L/usr/lib/gcc/x86_64-linux-gnu/9/../../../../lib -L/lib/x86_64-linux-gnu -L/lib/../lib -L/usr/lib/x86_64-linux-gnu -L/usr/lib/../lib -L/usr/lib/gcc/x86_64-linux-gnu/9/../../.. /tmp/ccMQl6zB.o -lgfortran -lm -lgcc_s -lgcc -lquadmath -lm -lgcc_s -lgcc -lc -lgcc_s -lgcc /usr/lib/gcc/x86_64-linux-gnu/9/crtendS.o /usr/lib/gcc/x86_64-linux-gnu/9/../../../x86_64-linux-gnu/crtn.o
configure:12321: result:  -L/usr/lib/gcc/x86_64-linux-gnu/9 -L/usr/lib/gcc/x86_64-linux-gnu/9/../../../x86_64-linux-gnu -L/usr/lib/gcc/x86_64-linux-gnu/9/../../../../lib -L/lib/x86_64-linux-gnu -L/lib/../lib -L/usr/lib/x86_64-linux-gnu -L/usr/lib/../lib -L/usr/lib/gcc/x86_64-linux-gnu/9/../../.. -lgfortran -lm -lquadmath
configure:12334: *** Fishing for modern Fortran compiler
configure:12442: checking for Fortran compiler version
configure:12451: gfortran --version >&5
GNU Fortran (Ubuntu 9.3.0-17ubuntu1~20.04) 9.3.0
Copyright (C) 2019 Free Software Foundation, Inc.
This is free software; see the source for copying conditions.  There is NO
warranty; not even for MERCHANTABILITY or FITNESS FOR A PARTICULAR PURPOSE.

configure:12462: $? = 0
configure:12451: gfortran -v >&5
Using built-in specs.
COLLECT_GCC=gfortran
COLLECT_LTO_WRAPPER=/usr/lib/gcc/x86_64-linux-gnu/9/lto-wrapper
OFFLOAD_TARGET_NAMES=nvptx-none:hsa
OFFLOAD_TARGET_DEFAULT=1
Target: x86_64-linux-gnu
Configured with: ../src/configure -v --with-pkgversion='Ubuntu 9.3.0-17ubuntu1~20.04' --with-bugurl=file:///usr/share/doc/gcc-9/README.Bugs --enable-languages=c,ada,c++,go,brig,d,fortran,objc,obj-c++,gm2 --prefix=/usr --with-gcc-major-version-only --program-suffix=-9 --program-prefix=x86_64-linux-gnu- --enable-shared --enable-linker-build-id --libexecdir=/usr/lib --without-included-gettext --enable-threads=posix --libdir=/usr/lib --enable-nls --enable-clocale=gnu --enable-libstdcxx-debug --enable-libstdcxx-time=yes --with-default-libstdcxx-abi=new --enable-gnu-unique-object --disable-vtable-verify --enable-plugin --enable-default-pie --with-system-zlib --with-target-system-zlib=auto --enable-objc-gc=auto --enable-multiarch --disable-werror --with-arch-32=i686 --with-abi=m64 --with-multilib-list=m32,m64,mx32 --enable-multilib --with-tune=generic --enable-offload-targets=nvptx-none=/build/gcc-9-HskZEa/gcc-9-9.3.0/debian/tmp-nvptx/usr,hsa --without-cuda-driver --enable-checking=release --build=x86_64-linux-gnu --host=x86_64-linux-gnu --target=x86_64-linux-gnu
Thread model: posix
gcc version 9.3.0 (Ubuntu 9.3.0-17ubuntu1~20.04) 
configure:12462: $? = 0
configure:12451: gfortran -V >&5
gfortran: error: unrecognized command line option '-V'
gfortran: fatal error: no input files
compilation terminated.
configure:12462: $? = 1
configure:12451: gfortran -qversion >&5
gfortran: error: unrecognized command line option '-qversion'; did you mean '--version'?
gfortran: fatal error: no input files
compilation terminated.
configure:12462: $? = 1
configure:12471: checking whether we are using the GNU Fortran compiler
configure:12493: result: yes
configure:12499: checking whether gfortran accepts -g
configure:12518: result: yes
configure:12546: checking how to get verbose linking output from gfortran
configure:12556: gfortran -c -g -O2 -I/usr/include  conftest.f >&5
configure:12556: $? = 0
configure:12574: gfortran -o conftest -g -O2 -I/usr/include -v conftest.f
Using built-in specs.
Target: x86_64-linux-gnu
Configured with: ../src/configure -v --with-pkgversion='Ubuntu 9.3.0-17ubuntu1~20.04' --with-bugurl=file:///usr/share/doc/gcc-9/README.Bugs --enable-languages=c,ada,c++,go,brig,d,fortran,objc,obj-c++,gm2 --prefix=/usr --with-gcc-major-version-only --program-suffix=-9 --program-prefix=x86_64-linux-gnu- --enable-shared --enable-linker-build-id --libexecdir=/usr/lib --without-included-gettext --enable-threads=posix --libdir=/usr/lib --enable-nls --enable-clocale=gnu --enable-libstdcxx-debug --enable-libstdcxx-time=yes --with-default-libstdcxx-abi=new --enable-gnu-unique-object --disable-vtable-verify --enable-plugin --enable-default-pie --with-system-zlib --with-target-system-zlib=auto --enable-objc-gc=auto --enable-multiarch --disable-werror --with-arch-32=i686 --with-abi=m64 --with-multilib-list=m32,m64,mx32 --enable-multilib --with-tune=generic --enable-offload-targets=nvptx-none=/build/gcc-9-HskZEa/gcc-9-9.3.0/debian/tmp-nvptx/usr,hsa --without-cuda-driver --enable-checking=release --build=x86_64-linux-gnu --host=x86_64-linux-gnu --target=x86_64-linux-gnu
Thread model: posix
gcc version 9.3.0 (Ubuntu 9.3.0-17ubuntu1~20.04) 
 /usr/lib/gcc/x86_64-linux-gnu/9/f951 conftest.f -ffixed-form -I /usr/include -quiet -dumpbase conftest.f -mtune=generic -march=x86-64 -auxbase conftest -g -O2 -version -fintrinsic-modules-path /usr/lib/gcc/x86_64-linux-gnu/9/finclude -fpre-include=/usr/include/finclude/math-vector-fortran.h -o /tmp/ccK1wPUR.s
GNU Fortran (Ubuntu 9.3.0-17ubuntu1~20.04) version 9.3.0 (x86_64-linux-gnu)
	compiled by GNU C version 9.3.0, GMP version 6.2.0, MPFR version 4.0.2, MPC version 1.1.0, isl version isl-0.22.1-GMP

GGC heuristics: --param ggc-min-expand=100 --param ggc-min-heapsize=131072
GNU Fortran2008 (Ubuntu 9.3.0-17ubuntu1~20.04) version 9.3.0 (x86_64-linux-gnu)
	compiled by GNU C version 9.3.0, GMP version 6.2.0, MPFR version 4.0.2, MPC version 1.1.0, isl version isl-0.22.1-GMP

GGC heuristics: --param ggc-min-expand=100 --param ggc-min-heapsize=131072
 as -v -I /usr/include --64 -o /tmp/ccfgR9uP.o /tmp/ccK1wPUR.s
GNU assembler version 2.34 (x86_64-linux-gnu) using BFD version (GNU Binutils for Ubuntu) 2.34
Reading specs from /usr/lib/gcc/x86_64-linux-gnu/9/libgfortran.spec
rename spec lib to liborig
 /usr/lib/gcc/x86_64-linux-gnu/9/collect2 -plugin /usr/lib/gcc/x86_64-linux-gnu/9/liblto_plugin.so -plugin-opt=/usr/lib/gcc/x86_64-linux-gnu/9/lto-wrapper -plugin-opt=-fresolution=/tmp/ccyAcZ3Q.res -plugin-opt=-pass-through=-lgcc_s -plugin-opt=-pass-through=-lgcc -plugin-opt=-pass-through=-lquadmath -plugin-opt=-pass-through=-lm -plugin-opt=-pass-through=-lgcc_s -plugin-opt=-pass-through=-lgcc -plugin-opt=-pass-through=-lc -plugin-opt=-pass-through=-lgcc_s -plugin-opt=-pass-through=-lgcc --build-id --eh-frame-hdr -m elf_x86_64 --hash-style=gnu --as-needed -dynamic-linker /lib64/ld-linux-x86-64.so.2 -pie -z now -z relro -o conftest /usr/lib/gcc/x86_64-linux-gnu/9/../../../x86_64-linux-gnu/Scrt1.o /usr/lib/gcc/x86_64-linux-gnu/9/../../../x86_64-linux-gnu/crti.o /usr/lib/gcc/x86_64-linux-gnu/9/crtbeginS.o -L/usr/lib/gcc/x86_64-linux-gnu/9 -L/usr/lib/gcc/x86_64-linux-gnu/9/../../../x86_64-linux-gnu -L/usr/lib/gcc/x86_64-linux-gnu/9/../../../../lib -L/lib/x86_64-linux-gnu -L/lib/../lib -L/usr/lib/x86_64-linux-gnu -L/usr/lib/../lib -L/usr/lib/gcc/x86_64-linux-gnu/9/../../.. /tmp/ccfgR9uP.o -lgfortran -lm -lgcc_s -lgcc -lquadmath -lm -lgcc_s -lgcc -lc -lgcc_s -lgcc /usr/lib/gcc/x86_64-linux-gnu/9/crtendS.o /usr/lib/gcc/x86_64-linux-gnu/9/../../../x86_64-linux-gnu/crtn.o
configure:12639: result: -v
configure:12641: checking for Fortran libraries of gfortran
configure:12664: gfortran -o conftest -g -O2 -I/usr/include -v conftest.f
Using built-in specs.
Target: x86_64-linux-gnu
Configured with: ../src/configure -v --with-pkgversion='Ubuntu 9.3.0-17ubuntu1~20.04' --with-bugurl=file:///usr/share/doc/gcc-9/README.Bugs --enable-languages=c,ada,c++,go,brig,d,fortran,objc,obj-c++,gm2 --prefix=/usr --with-gcc-major-version-only --program-suffix=-9 --program-prefix=x86_64-linux-gnu- --enable-shared --enable-linker-build-id --libexecdir=/usr/lib --without-included-gettext --enable-threads=posix --libdir=/usr/lib --enable-nls --enable-clocale=gnu --enable-libstdcxx-debug --enable-libstdcxx-time=yes --with-default-libstdcxx-abi=new --enable-gnu-unique-object --disable-vtable-verify --enable-plugin --enable-default-pie --with-system-zlib --with-target-system-zlib=auto --enable-objc-gc=auto --enable-multiarch --disable-werror --with-arch-32=i686 --with-abi=m64 --with-multilib-list=m32,m64,mx32 --enable-multilib --with-tune=generic --enable-offload-targets=nvptx-none=/build/gcc-9-HskZEa/gcc-9-9.3.0/debian/tmp-nvptx/usr,hsa --without-cuda-driver --enable-checking=release --build=x86_64-linux-gnu --host=x86_64-linux-gnu --target=x86_64-linux-gnu
Thread model: posix
gcc version 9.3.0 (Ubuntu 9.3.0-17ubuntu1~20.04) 
 /usr/lib/gcc/x86_64-linux-gnu/9/f951 conftest.f -ffixed-form -I /usr/include -quiet -dumpbase conftest.f -mtune=generic -march=x86-64 -auxbase conftest -g -O2 -version -fintrinsic-modules-path /usr/lib/gcc/x86_64-linux-gnu/9/finclude -fpre-include=/usr/include/finclude/math-vector-fortran.h -o /tmp/ccfSgkV5.s
GNU Fortran (Ubuntu 9.3.0-17ubuntu1~20.04) version 9.3.0 (x86_64-linux-gnu)
	compiled by GNU C version 9.3.0, GMP version 6.2.0, MPFR version 4.0.2, MPC version 1.1.0, isl version isl-0.22.1-GMP

GGC heuristics: --param ggc-min-expand=100 --param ggc-min-heapsize=131072
GNU Fortran2008 (Ubuntu 9.3.0-17ubuntu1~20.04) version 9.3.0 (x86_64-linux-gnu)
	compiled by GNU C version 9.3.0, GMP version 6.2.0, MPFR version 4.0.2, MPC version 1.1.0, isl version isl-0.22.1-GMP

GGC heuristics: --param ggc-min-expand=100 --param ggc-min-heapsize=131072
 as -v -I /usr/include --64 -o /tmp/cciVAlW4.o /tmp/ccfSgkV5.s
GNU assembler version 2.34 (x86_64-linux-gnu) using BFD version (GNU Binutils for Ubuntu) 2.34
Reading specs from /usr/lib/gcc/x86_64-linux-gnu/9/libgfortran.spec
rename spec lib to liborig
 /usr/lib/gcc/x86_64-linux-gnu/9/collect2 -plugin /usr/lib/gcc/x86_64-linux-gnu/9/liblto_plugin.so -plugin-opt=/usr/lib/gcc/x86_64-linux-gnu/9/lto-wrapper -plugin-opt=-fresolution=/tmp/ccd2rgl4.res -plugin-opt=-pass-through=-lgcc_s -plugin-opt=-pass-through=-lgcc -plugin-opt=-pass-through=-lquadmath -plugin-opt=-pass-through=-lm -plugin-opt=-pass-through=-lgcc_s -plugin-opt=-pass-through=-lgcc -plugin-opt=-pass-through=-lc -plugin-opt=-pass-through=-lgcc_s -plugin-opt=-pass-through=-lgcc --build-id --eh-frame-hdr -m elf_x86_64 --hash-style=gnu --as-needed -dynamic-linker /lib64/ld-linux-x86-64.so.2 -pie -z now -z relro -o conftest /usr/lib/gcc/x86_64-linux-gnu/9/../../../x86_64-linux-gnu/Scrt1.o /usr/lib/gcc/x86_64-linux-gnu/9/../../../x86_64-linux-gnu/crti.o /usr/lib/gcc/x86_64-linux-gnu/9/crtbeginS.o -L/usr/lib/gcc/x86_64-linux-gnu/9 -L/usr/lib/gcc/x86_64-linux-gnu/9/../../../x86_64-linux-gnu -L/usr/lib/gcc/x86_64-linux-gnu/9/../../../../lib -L/lib/x86_64-linux-gnu -L/lib/../lib -L/usr/lib/x86_64-linux-gnu -L/usr/lib/../lib -L/usr/lib/gcc/x86_64-linux-gnu/9/../../.. /tmp/cciVAlW4.o -lgfortran -lm -lgcc_s -lgcc -lquadmath -lm -lgcc_s -lgcc -lc -lgcc_s -lgcc /usr/lib/gcc/x86_64-linux-gnu/9/crtendS.o /usr/lib/gcc/x86_64-linux-gnu/9/../../../x86_64-linux-gnu/crtn.o
configure:12838: result:  -L/usr/lib/gcc/x86_64-linux-gnu/9 -L/usr/lib/gcc/x86_64-linux-gnu/9/../../../x86_64-linux-gnu -L/usr/lib/gcc/x86_64-linux-gnu/9/../../../../lib -L/lib/x86_64-linux-gnu -L/lib/../lib -L/usr/lib/x86_64-linux-gnu -L/usr/lib/../lib -L/usr/lib/gcc/x86_64-linux-gnu/9/../../.. -lgfortran -lm -lquadmath
configure:12861: *** Assuming that gfortran can process both free and fixed form fortran files.
configure:12981: checking for C++ compiler version
configure:12990: g++ --version >&5
g++ (Ubuntu 9.3.0-17ubuntu1~20.04) 9.3.0
Copyright (C) 2019 Free Software Foundation, Inc.
This is free software; see the source for copying conditions.  There is NO
warranty; not even for MERCHANTABILITY or FITNESS FOR A PARTICULAR PURPOSE.

configure:13001: $? = 0
configure:12990: g++ -v >&5
Using built-in specs.
COLLECT_GCC=g++
COLLECT_LTO_WRAPPER=/usr/lib/gcc/x86_64-linux-gnu/9/lto-wrapper
OFFLOAD_TARGET_NAMES=nvptx-none:hsa
OFFLOAD_TARGET_DEFAULT=1
Target: x86_64-linux-gnu
Configured with: ../src/configure -v --with-pkgversion='Ubuntu 9.3.0-17ubuntu1~20.04' --with-bugurl=file:///usr/share/doc/gcc-9/README.Bugs --enable-languages=c,ada,c++,go,brig,d,fortran,objc,obj-c++,gm2 --prefix=/usr --with-gcc-major-version-only --program-suffix=-9 --program-prefix=x86_64-linux-gnu- --enable-shared --enable-linker-build-id --libexecdir=/usr/lib --without-included-gettext --enable-threads=posix --libdir=/usr/lib --enable-nls --enable-clocale=gnu --enable-libstdcxx-debug --enable-libstdcxx-time=yes --with-default-libstdcxx-abi=new --enable-gnu-unique-object --disable-vtable-verify --enable-plugin --enable-default-pie --with-system-zlib --with-target-system-zlib=auto --enable-objc-gc=auto --enable-multiarch --disable-werror --with-arch-32=i686 --with-abi=m64 --with-multilib-list=m32,m64,mx32 --enable-multilib --with-tune=generic --enable-offload-targets=nvptx-none=/build/gcc-9-HskZEa/gcc-9-9.3.0/debian/tmp-nvptx/usr,hsa --without-cuda-driver --enable-checking=release --build=x86_64-linux-gnu --host=x86_64-linux-gnu --target=x86_64-linux-gnu
Thread model: posix
gcc version 9.3.0 (Ubuntu 9.3.0-17ubuntu1~20.04) 
configure:13001: $? = 0
configure:12990: g++ -V >&5
g++: error: unrecognized command line option '-V'
g++: fatal error: no input files
compilation terminated.
configure:13001: $? = 1
configure:12990: g++ -qversion >&5
g++: error: unrecognized command line option '-qversion'; did you mean '--version'?
g++: fatal error: no input files
compilation terminated.
configure:13001: $? = 1
configure:13005: checking whether we are using the GNU C++ compiler
configure:13033: result: yes
configure:13042: checking whether g++ accepts -g
configure:13103: result: yes
configure:13131: checking how to run the C preprocessor
configure:13201: result: gcc -E
configure:13221: gcc -E  conftest.c
configure:13221: $? = 0
configure:13235: gcc -E  conftest.c
conftest.c:21:10: fatal error: ac_nonexistent.h: No such file or directory
   21 | #include <ac_nonexistent.h>
      |          ^~~~~~~~~~~~~~~~~~
compilation terminated.
configure:13235: $? = 1
configure: failed program was:
| /* confdefs.h */
| #define PACKAGE_NAME ""
| #define PACKAGE_TARNAME ""
| #define PACKAGE_VERSION ""
| #define PACKAGE_STRING ""
| #define PACKAGE_BUGREPORT ""
| #define PACKAGE_URL ""
| #define STDC_HEADERS 1
| #define HAVE_SYS_TYPES_H 1
| #define HAVE_SYS_STAT_H 1
| #define HAVE_STDLIB_H 1
| #define HAVE_STRING_H 1
| #define HAVE_MEMORY_H 1
| #define HAVE_STRINGS_H 1
| #define HAVE_INTTYPES_H 1
| #define HAVE_STDINT_H 1
| #define HAVE_UNISTD_H 1
| #define HAVE_DLFCN_H 1
| #define LT_OBJDIR ".libs/"
| /* end confdefs.h.  */
| #include <ac_nonexistent.h>
configure:13269: checking size of long int
configure:13274: gcc -o conftest -g -O2   conftest.c  >&5
configure:13274: $? = 0
configure:13274: ./conftest
configure:13274: $? = 0
configure:13288: result: 8
configure:13309: checking how to get verbose linking output from gfortran
configure:13402: result: -v
configure:13404: checking for Fortran libraries of gfortran
configure:13601: result:  -L/usr/lib/gcc/x86_64-linux-gnu/9 -L/usr/lib/gcc/x86_64-linux-gnu/9/../../../x86_64-linux-gnu -L/usr/lib/gcc/x86_64-linux-gnu/9/../../../../lib -L/lib/x86_64-linux-gnu -L/lib/../lib -L/usr/lib/x86_64-linux-gnu -L/usr/lib/../lib -L/usr/lib/gcc/x86_64-linux-gnu/9/../../.. -lgfortran -lm -lquadmath
configure:13618: checking for dummy main to link with Fortran 77 libraries
configure:13652: gcc -o conftest -g -O2   conftest.c   -L/usr/lib/gcc/x86_64-linux-gnu/9 -L/usr/lib/gcc/x86_64-linux-gnu/9/../../../x86_64-linux-gnu -L/usr/lib/gcc/x86_64-linux-gnu/9/../../../../lib -L/lib/x86_64-linux-gnu -L/lib/../lib -L/usr/lib/x86_64-linux-gnu -L/usr/lib/../lib -L/usr/lib/gcc/x86_64-linux-gnu/9/../../.. -lgfortran -lm -lquadmath >&5
configure:13652: $? = 0
configure:13697: result: none
configure:13730: checking for Fortran 77 name-mangling scheme
configure:13743: gfortran -c -g -O2 conftest.f >&5
configure:13743: $? = 0
configure:13784: gcc -o conftest -g -O2   conftest.c cfortran_test.o   -L/usr/lib/gcc/x86_64-linux-gnu/9 -L/usr/lib/gcc/x86_64-linux-gnu/9/../../../x86_64-linux-gnu -L/usr/lib/gcc/x86_64-linux-gnu/9/../../../../lib -L/lib/x86_64-linux-gnu -L/lib/../lib -L/usr/lib/x86_64-linux-gnu -L/usr/lib/../lib -L/usr/lib/gcc/x86_64-linux-gnu/9/../../.. -lgfortran -lm -lquadmath >&5
/usr/bin/ld: /tmp/ccjTf0I0.o: in function `main':
/home/hf116/Desktop/Opal_py3_TR_and_surface_mating/Opal/spud/conftest.c:42: undefined reference to `foobar'
collect2: error: ld returned 1 exit status
configure:13784: $? = 1
configure: failed program was:
| /* confdefs.h */
| #define PACKAGE_NAME ""
| #define PACKAGE_TARNAME ""
| #define PACKAGE_VERSION ""
| #define PACKAGE_STRING ""
| #define PACKAGE_BUGREPORT ""
| #define PACKAGE_URL ""
| #define STDC_HEADERS 1
| #define HAVE_SYS_TYPES_H 1
| #define HAVE_SYS_STAT_H 1
| #define HAVE_STDLIB_H 1
| #define HAVE_STRING_H 1
| #define HAVE_MEMORY_H 1
| #define HAVE_STRINGS_H 1
| #define HAVE_INTTYPES_H 1
| #define HAVE_STDINT_H 1
| #define HAVE_UNISTD_H 1
| #define HAVE_DLFCN_H 1
| #define LT_OBJDIR ".libs/"
| #define SIZEOF_LONG_INT 8
| #define LONG_64_BITS 1
| /* end confdefs.h.  */
| 
| /* Override any GCC internal prototype to avoid an error.
|    Use char because int might match the return type of a GCC
|    builtin and then its argument prototype would still apply.  */
| #ifdef __cplusplus
| extern "C"
| #endif
| char foobar ();
| #ifdef F77_DUMMY_MAIN
| 
| #  ifdef __cplusplus
|      extern "C"
| #  endif
|    int F77_DUMMY_MAIN() { return 1; }
| 
| #endif
| int
| main ()
| {
| return foobar ();
|   ;
|   return 0;
| }
configure:13784: gcc -o conftest -g -O2   conftest.c cfortran_test.o   -L/usr/lib/gcc/x86_64-linux-gnu/9 -L/usr/lib/gcc/x86_64-linux-gnu/9/../../../x86_64-linux-gnu -L/usr/lib/gcc/x86_64-linux-gnu/9/../../../../lib -L/lib/x86_64-linux-gnu -L/lib/../lib -L/usr/lib/x86_64-linux-gnu -L/usr/lib/../lib -L/usr/lib/gcc/x86_64-linux-gnu/9/../../.. -lgfortran -lm -lquadmath >&5
configure:13784: $? = 0
configure:13842: gcc -o conftest -g -O2   conftest.c cfortran_test.o   -L/usr/lib/gcc/x86_64-linux-gnu/9 -L/usr/lib/gcc/x86_64-linux-gnu/9/../../../x86_64-linux-gnu -L/usr/lib/gcc/x86_64-linux-gnu/9/../../../../lib -L/lib/x86_64-linux-gnu -L/lib/../lib -L/usr/lib/x86_64-linux-gnu -L/usr/lib/../lib -L/usr/lib/gcc/x86_64-linux-gnu/9/../../.. -lgfortran -lm -lquadmath >&5
configure:13842: $? = 0
configure:13884: result: lower case, underscore, no extra underscore
configure:13958: checking for main in -lstdc++
configure:13985: gcc -o conftest -g -O2   conftest.c -lstdc++   >&5
configure:13985: $? = 0
configure:13994: result: yes
configure:14005: checking for main in -lm
configure:14032: gcc -o conftest -g -O2   conftest.c -lm  -lstdc++  >&5
configure:14032: $? = 0
configure:14041: result: yes
configure:14052: checking for main in -lpthread
configure:14079: gcc -o conftest -g -O2   conftest.c -lpthread  -lm -lstdc++  >&5
configure:14079: $? = 0
configure:14088: result: yes
configure:14125: checking how do we get fortran 77 to allow long lines
configure:14135: gfortran -c -g -O2 conftest.f >&5
conftest.f:3:16:

    3 |        PRINT*, "hello world                                                                                      "
      |                1
Error: Unterminated character constant beginning at (1)
configure:14135: $? = 1
configure: failed program was:
|       program main
| 
|        PRINT*, "hello world                                                                                      "
|       end
configure:14153: gfortran -c -extend_source conftest.f >&5
conftest.f:3:16:

    3 |        PRINT*, "hello world                                                                                      "
      |                1
Error: Unterminated character constant beginning at (1)
configure:14153: $? = 1
configure: failed program was:
|       program main
| 
|        PRINT*, "hello world                                                                                      "
|       end
configure:14171: gfortran -c -132 conftest.f >&5
gfortran: error: unrecognized command line option '-132'; did you mean '-m32'?
configure:14171: $? = 1
configure: failed program was:
|       program main
| 
|        PRINT*, "hello world                                                                                      "
|       end
configure:14189: gfortran -c -ffree-line-length-none -ffixed-line-length-none conftest.f >&5
configure:14189: $? = 0
configure:14192: result: -ffree-line-length-none -ffixed-line-length-none
configure:14337: checking for a BSD-compatible install
configure:14405: result: /usr/bin/install -c
configure:14418: checking for gmake
configure:14446: result: make
configure:14459: checking for ar
configure:14486: result: ar
configure:14538: checking for ranlib
configure:14565: result: ranlib
configure:14619: Setting optimisation flags
configure:14788: creating ./config.status

## ---------------------- ##
## Running config.status. ##
## ---------------------- ##

This file was extended by config.status, which was
generated by GNU Autoconf 2.67.  Invocation command line was

  CONFIG_FILES    = 
  CONFIG_HEADERS  = 
  CONFIG_LINKS    = 
  CONFIG_COMMANDS = 
  $ ./config.status 

on ese-amcgmdjack

config.status:1166: creating Makefile
config.status:1166: creating src/tests/Makefile
config.status:1166: creating examples/Makefile
config.status:1166: creating bin/spud-preprocess
config.status:1166: creating diamond/setup.py
config.status:1166: creating diamond/diamond/plugins.py
config.status:1166: creating diamond/diamond/preprocess.py
config.status:1331: executing libtool commands

## ---------------- ##
## Cache variables. ##
## ---------------- ##

ac_cv_build=x86_64-unknown-linux-gnu
ac_cv_c_compiler_gnu=yes
ac_cv_cxx_compiler_gnu=yes
ac_cv_env_CCC_set=
ac_cv_env_CCC_value=
ac_cv_env_CC_set=
ac_cv_env_CC_value=
ac_cv_env_CFLAGS_set=
ac_cv_env_CFLAGS_value=
ac_cv_env_CPPFLAGS_set=
ac_cv_env_CPPFLAGS_value=
ac_cv_env_CPP_set=
ac_cv_env_CPP_value=
ac_cv_env_CXXCPP_set=
ac_cv_env_CXXCPP_value=
ac_cv_env_CXXFLAGS_set=
ac_cv_env_CXXFLAGS_value=
ac_cv_env_CXX_set=
ac_cv_env_CXX_value=
ac_cv_env_F77_set=
ac_cv_env_F77_value=
ac_cv_env_FCFLAGS_set=
ac_cv_env_FCFLAGS_value=
ac_cv_env_FC_set=
ac_cv_env_FC_value=
ac_cv_env_FFLAGS_set=
ac_cv_env_FFLAGS_value=
ac_cv_env_LDFLAGS_set=
ac_cv_env_LDFLAGS_value=
ac_cv_env_LIBS_set=
ac_cv_env_LIBS_value=
ac_cv_env_build_alias_set=
ac_cv_env_build_alias_value=
ac_cv_env_host_alias_set=
ac_cv_env_host_alias_value=
ac_cv_env_target_alias_set=
ac_cv_env_target_alias_value=
ac_cv_f77_compiler_gnu=yes
ac_cv_f77_dummy_main=none
ac_cv_f77_libs=' -L/usr/lib/gcc/x86_64-linux-gnu/9 -L/usr/lib/gcc/x86_64-linux-gnu/9/../../../x86_64-linux-gnu -L/usr/lib/gcc/x86_64-linux-gnu/9/../../../../lib -L/lib/x86_64-linux-gnu -L/lib/../lib -L/usr/lib/x86_64-linux-gnu -L/usr/lib/../lib -L/usr/lib/gcc/x86_64-linux-gnu/9/../../.. -lgfortran -lm -lquadmath'
ac_cv_f77_mangling='lower case, underscore, no extra underscore'
ac_cv_fc_compiler_gnu=yes
ac_cv_fc_libs=' -L/usr/lib/gcc/x86_64-linux-gnu/9 -L/usr/lib/gcc/x86_64-linux-gnu/9/../../../x86_64-linux-gnu -L/usr/lib/gcc/x86_64-linux-gnu/9/../../../../lib -L/lib/x86_64-linux-gnu -L/lib/../lib -L/usr/lib/x86_64-linux-gnu -L/usr/lib/../lib -L/usr/lib/gcc/x86_64-linux-gnu/9/../../.. -lgfortran -lm -lquadmath'
ac_cv_fortran_dummy_main=none
ac_cv_header_dlfcn_h=yes
ac_cv_header_inttypes_h=yes
ac_cv_header_memory_h=yes
ac_cv_header_stdc=yes
ac_cv_header_stdint_h=yes
ac_cv_header_stdlib_h=yes
ac_cv_header_string_h=yes
ac_cv_header_strings_h=yes
ac_cv_header_sys_stat_h=yes
ac_cv_header_sys_types_h=yes
ac_cv_header_unistd_h=yes
ac_cv_host=x86_64-unknown-linux-gnu
ac_cv_lib_m_main=yes
ac_cv_lib_pthread_main=yes
ac_cv_lib_stdcpp_main=yes
ac_cv_objext=o
ac_cv_path_EGREP='/usr/bin/grep -E'
ac_cv_path_FGREP='/usr/bin/grep -F'
ac_cv_path_GREP=/usr/bin/grep
ac_cv_path_SED=/usr/bin/sed
ac_cv_path_install='/usr/bin/install -c'
ac_cv_prog_AR=ar
ac_cv_prog_AWK=gawk
ac_cv_prog_CPP='gcc -E'
ac_cv_prog_CXXCPP='g++ -E'
ac_cv_prog_MAKE=make
ac_cv_prog_ac_ct_AR=ar
ac_cv_prog_ac_ct_CC=gcc
ac_cv_prog_ac_ct_CXX=g++
ac_cv_prog_ac_ct_F77=gfortran
ac_cv_prog_ac_ct_FC=gfortran
ac_cv_prog_ac_ct_MANIFEST_TOOL=mt
ac_cv_prog_ac_ct_OBJDUMP=objdump
ac_cv_prog_ac_ct_RANLIB=ranlib
ac_cv_prog_ac_ct_STRIP=strip
ac_cv_prog_cc_c89=
ac_cv_prog_cc_g=yes
ac_cv_prog_cxx_g=yes
ac_cv_prog_f77_g=yes
ac_cv_prog_f77_v=-v
ac_cv_prog_fc_g=yes
ac_cv_prog_fc_v=-v
ac_cv_sizeof_long_int=8
lt_cv_ar_at_file=@
lt_cv_archive_cmds_need_lc=no
lt_cv_deplibs_check_method=pass_all
lt_cv_file_magic_cmd='$MAGIC_CMD'
lt_cv_file_magic_test_file=
lt_cv_ld_reload_flag=-r
lt_cv_nm_interface='BSD nm'
lt_cv_objdir=.libs
lt_cv_path_LD=/usr/bin/ld
lt_cv_path_LDCXX='/usr/bin/ld -m elf_x86_64'
lt_cv_path_NM='/usr/bin/nm -B'
lt_cv_path_mainfest_tool=no
lt_cv_prog_compiler_c_o=yes
lt_cv_prog_compiler_c_o_CXX=yes
lt_cv_prog_compiler_c_o_F77=yes
lt_cv_prog_compiler_c_o_FC=yes
lt_cv_prog_compiler_pic='-fPIC -DPIC'
lt_cv_prog_compiler_pic_CXX='-fPIC -DPIC'
lt_cv_prog_compiler_pic_F77=-fPIC
lt_cv_prog_compiler_pic_FC=-fPIC
lt_cv_prog_compiler_pic_works=yes
lt_cv_prog_compiler_pic_works_CXX=yes
lt_cv_prog_compiler_pic_works_F77=yes
lt_cv_prog_compiler_pic_works_FC=yes
lt_cv_prog_compiler_rtti_exceptions=no
lt_cv_prog_compiler_static_works=yes
lt_cv_prog_compiler_static_works_CXX=yes
lt_cv_prog_compiler_static_works_F77=yes
lt_cv_prog_compiler_static_works_FC=yes
lt_cv_prog_gnu_ld=yes
lt_cv_prog_gnu_ldcxx=yes
lt_cv_sharedlib_from_linklib_cmd='printf %s\n'
lt_cv_shlibpath_overrides_runpath=yes
lt_cv_sys_global_symbol_pipe='sed -n -e '\''s/^.*[	 ]\([ABCDGIRSTW][ABCDGIRSTW]*\)[	 ][	 ]*\([_A-Za-z][_A-Za-z0-9]*\)$/\1 \2 \2/p'\'' | sed '\''/ __gnu_lto/d'\'''
lt_cv_sys_global_symbol_to_c_name_address='sed -n -e '\''s/^: \([^ ]*\)[ ]*$/  {\"\1\", (void *) 0},/p'\'' -e '\''s/^[ABCDGIRSTW]* \([^ ]*\) \([^ ]*\)$/  {"\2", (void *) \&\2},/p'\'''
lt_cv_sys_global_symbol_to_c_name_address_lib_prefix='sed -n -e '\''s/^: \([^ ]*\)[ ]*$/  {\"\1\", (void *) 0},/p'\'' -e '\''s/^[ABCDGIRSTW]* \([^ ]*\) \(lib[^ ]*\)$/  {"\2", (void *) \&\2},/p'\'' -e '\''s/^[ABCDGIRSTW]* \([^ ]*\) \([^ ]*\)$/  {"lib\2", (void *) \&\2},/p'\'''
lt_cv_sys_global_symbol_to_cdecl='sed -n -e '\''s/^T .* \(.*\)$/extern int \1();/p'\'' -e '\''s/^[ABCDGIRSTW]* .* \(.*\)$/extern char \1;/p'\'''
lt_cv_sys_max_cmd_len=1572864
lt_cv_to_host_file_cmd=func_convert_file_noop
lt_cv_to_tool_file_cmd=func_convert_file_noop

## ----------------- ##
## Output variables. ##
## ----------------- ##

AR='ar'
ARFLAGS='cr'
AWK='gawk'
CC='gcc'
CFLAGS='-g -O2'
CPP='gcc -E'
CPPFLAGS=' -DUSING_GFORTRAN=1 -DNDEBUG=1'
CXX='g++'
CXXCPP='g++ -E'
CXXFLAGS='-O3 '
DEFS='-DPACKAGE_NAME=\"\" -DPACKAGE_TARNAME=\"\" -DPACKAGE_VERSION=\"\" -DPACKAGE_STRING=\"\" -DPACKAGE_BUGREPORT=\"\" -DPACKAGE_URL=\"\" -DSTDC_HEADERS=1 -DHAVE_SYS_TYPES_H=1 -DHAVE_SYS_STAT_H=1 -DHAVE_STDLIB_H=1 -DHAVE_STRING_H=1 -DHAVE_MEMORY_H=1 -DHAVE_STRINGS_H=1 -DHAVE_INTTYPES_H=1 -DHAVE_STDINT_H=1 -DHAVE_UNISTD_H=1 -DHAVE_DLFCN_H=1 -DLT_OBJDIR=\".libs/\" -DSIZEOF_LONG_INT=8 -DLONG_64_BITS=1 -DF77_FUNC\(name,NAME\)=name\ \#\#\ _ -DF77_FUNC_\(name,NAME\)=name\ \#\#\ _ -DHAVE_LIBSTDC__=1 -DHAVE_LIBM=1 -DHAVE_LIBPTHREAD=1'
DLLTOOL='false'
DSYMUTIL=''
DUMPBIN=''
ECHO_C=''
ECHO_N='-n'
ECHO_T=''
EGREP='/usr/bin/grep -E'
EXEEXT=''
F77='gfortran'
FC='gfortran'
FCFLAGS='-O3 -ffast-math -frecord-marker=4  -I/usr/include -ffree-line-length-none -ffixed-line-length-none'
FCLIBS=' -L/usr/lib/gcc/x86_64-linux-gnu/9 -L/usr/lib/gcc/x86_64-linux-gnu/9/../../../x86_64-linux-gnu -L/usr/lib/gcc/x86_64-linux-gnu/9/../../../../lib -L/lib/x86_64-linux-gnu -L/lib/../lib -L/usr/lib/x86_64-linux-gnu -L/usr/lib/../lib -L/usr/lib/gcc/x86_64-linux-gnu/9/../../.. -lgfortran -lm -lquadmath'
FFLAGS='-g -O2 -ffree-line-length-none -ffixed-line-length-none'
FGREP='/usr/bin/grep -F'
FLIBS=' -L/usr/lib/gcc/x86_64-linux-gnu/9 -L/usr/lib/gcc/x86_64-linux-gnu/9/../../../x86_64-linux-gnu -L/usr/lib/gcc/x86_64-linux-gnu/9/../../../../lib -L/lib/x86_64-linux-gnu -L/lib/../lib -L/usr/lib/x86_64-linux-gnu -L/usr/lib/../lib -L/usr/lib/gcc/x86_64-linux-gnu/9/../../.. -lgfortran -lm -lquadmath'
GREP='/usr/bin/grep'
INSTALL_DATA='${INSTALL} -m 644'
INSTALL_PROGRAM='${INSTALL}'
INSTALL_SCRIPT='${INSTALL}'
LD='/usr/bin/ld -m elf_x86_64'
LDFLAGS=''
LIBOBJS=''
LIBS='  -lpthread -lm -lstdc++   -L/usr/lib/gcc/x86_64-linux-gnu/9 -L/usr/lib/gcc/x86_64-linux-gnu/9/../../../x86_64-linux-gnu -L/usr/lib/gcc/x86_64-linux-gnu/9/../../../../lib -L/lib/x86_64-linux-gnu -L/lib/../lib -L/usr/lib/x86_64-linux-gnu -L/usr/lib/../lib -L/usr/lib/gcc/x86_64-linux-gnu/9/../../.. -lgfortran -lm -lquadmath  -L/usr/lib/gcc/x86_64-linux-gnu/9 -L/usr/lib/gcc/x86_64-linux-gnu/9/../../../x86_64-linux-gnu -L/usr/lib/gcc/x86_64-linux-gnu/9/../../../../lib -L/lib/x86_64-linux-gnu -L/lib/../lib -L/usr/lib/x86_64-linux-gnu -L/usr/lib/../lib -L/usr/lib/gcc/x86_64-linux-gnu/9/../../.. -lgfortran -lm -lquadmath'
LIBTOOL='$(SHELL) $(top_builddir)/libtool'
LINKER='g++'
LIPO=''
LN_S='ln -s'
LTLIBOBJS=''
MAKE='make'
MANIFEST_TOOL=':'
NM='/usr/bin/nm -B'
NMEDIT=''
OBJDUMP='objdump'
OBJEXT='o'
OTOOL64=''
OTOOL=''
PACKAGE_BUGREPORT=''
PACKAGE_NAME=''
PACKAGE_STRING=''
PACKAGE_TARNAME=''
PACKAGE_URL=''
PACKAGE_VERSION=''
PATH_SEPARATOR=':'
PROFILING_FLAG=''
RANLIB='ranlib'
SED='/usr/bin/sed'
SHELL='/bin/bash'
STRIP='strip'
ac_ct_AR='ar'
ac_ct_CC='gcc'
ac_ct_CXX='g++'
ac_ct_DUMPBIN=''
ac_ct_F77='gfortran'
ac_ct_FC='gfortran'
bindir='${exec_prefix}/bin'
build='x86_64-unknown-linux-gnu'
build_alias=''
build_cpu='x86_64'
build_os='linux-gnu'
build_vendor='unknown'
datadir='${datarootdir}'
datarootdir='${prefix}/share'
docdir='${datarootdir}/doc/${PACKAGE}'
dvidir='${docdir}'
exec_prefix='${prefix}'
host='x86_64-unknown-linux-gnu'
host_alias=''
host_cpu='x86_64'
host_os='linux-gnu'
host_vendor='unknown'
htmldir='${docdir}'
includedir='${prefix}/include'
infodir='${datarootdir}/info'
libdir='${exec_prefix}/lib'
libexecdir='${exec_prefix}/libexec'
localedir='${datarootdir}/locale'
localstatedir='${prefix}/var'
mandir='${datarootdir}/man'
oldincludedir='/usr/include'
pdfdir='${docdir}'
prefix='/usr/local'
program_transform_name='s,x,x,'
psdir='${docdir}'
sbindir='${exec_prefix}/sbin'
sharedstatedir='${prefix}/com'
sysconfdir='${prefix}/etc'
target_alias=''

## ----------- ##
## confdefs.h. ##
## ----------- ##

/* confdefs.h */
#define PACKAGE_NAME ""
#define PACKAGE_TARNAME ""
#define PACKAGE_VERSION ""
#define PACKAGE_STRING ""
#define PACKAGE_BUGREPORT ""
#define PACKAGE_URL ""
#define STDC_HEADERS 1
#define HAVE_SYS_TYPES_H 1
#define HAVE_SYS_STAT_H 1
#define HAVE_STDLIB_H 1
#define HAVE_STRING_H 1
#define HAVE_MEMORY_H 1
#define HAVE_STRINGS_H 1
#define HAVE_INTTYPES_H 1
#define HAVE_STDINT_H 1
#define HAVE_UNISTD_H 1
#define HAVE_DLFCN_H 1
#define LT_OBJDIR ".libs/"
#define SIZEOF_LONG_INT 8
#define LONG_64_BITS 1
#define F77_FUNC(name,NAME) name ## _
#define F77_FUNC_(name,NAME) name ## _
#define HAVE_LIBSTDC__ 1
#define HAVE_LIBM 1
#define HAVE_LIBPTHREAD 1

configure: exit 0
